Using pre-set license
Built from '2020.3/staging' branch; Version is '2020.3.13f1 (71691879b7f5) revision 7432472'; Using compiler version '192528614'; Build Type 'Release'
OS: 'Windows 10 Pro; OS build 19042.985; Version 2009; 64bit' Language: 'en' Physical Memory: 32701 MB
BatchMode: 1, IsHumanControllingUs: 0, StartBugReporterOnCrash: 0, Is64bit: 1, IsPro: 0

 COMMAND LINE ARGUMENTS:
C:\Program Files\Unity\Hub\Editor\2020.3.13f1\Editor\Unity.exe
-adb2
-batchMode
-noUpm
-name
AssetImportWorker0
-projectPath
S:/Ray Wenderlich/0000_Books/REPO/uapp-materials/04-creating-and-using-scripts-with-c-sharp/projects/final/Chapter 4 Final
-logFile
Logs/AssetImportWorker0.log
-srvPort
61764
Successfully changed project path to: S:/Ray Wenderlich/0000_Books/REPO/uapp-materials/04-creating-and-using-scripts-with-c-sharp/projects/final/Chapter 4 Final
S:/Ray Wenderlich/0000_Books/REPO/uapp-materials/04-creating-and-using-scripts-with-c-sharp/projects/final/Chapter 4 Final
Using Asset Import Pipeline V2.
Refreshing native plugins compatible for Editor in 13.36 ms, found 0 plugins.
Preloading 0 native plugins for Editor in 0.00 ms.
Initialize engine version: 2020.3.13f1 (71691879b7f5)
[Subsystems] Discovering subsystems at path C:/Program Files/Unity/Hub/Editor/2020.3.13f1/Editor/Data/Resources/UnitySubsystems
[Subsystems] Discovering subsystems at path S:/Ray Wenderlich/0000_Books/REPO/uapp-materials/04-creating-and-using-scripts-with-c-sharp/projects/final/Chapter 4 Final/Assets
GfxDevice: creating device client; threaded=0
Direct3D:
    Version:  Direct3D 11.0 [level 11.1]
    Renderer: NVIDIA GeForce GTX 1080 Ti (ID=0x1b06)
    Vendor:   
    VRAM:     11127 MB
    Driver:   27.21.14.6647
Initialize mono
Mono path[0] = 'C:/Program Files/Unity/Hub/Editor/2020.3.13f1/Editor/Data/Managed'
Mono path[1] = 'C:/Program Files/Unity/Hub/Editor/2020.3.13f1/Editor/Data/MonoBleedingEdge/lib/mono/unityjit'
Mono config path = 'C:/Program Files/Unity/Hub/Editor/2020.3.13f1/Editor/Data/MonoBleedingEdge/etc'
Using monoOptions --debugger-agent=transport=dt_socket,embedding=1,server=y,suspend=n,address=127.0.0.1:56832
Begin MonoManager ReloadAssembly
Registering precompiled unity dll's ...
Register platform support module: C:/Program Files/Unity/Hub/Editor/2020.3.13f1/Editor/Data/PlaybackEngines/WebGLSupport/UnityEditor.WebGL.Extensions.dll
Register platform support module: C:/Program Files/Unity/Hub/Editor/2020.3.13f1/Editor/Data/PlaybackEngines/MacStandaloneSupport/UnityEditor.OSXStandalone.Extensions.dll
Register platform support module: C:/Program Files/Unity/Hub/Editor/2020.3.13f1/Editor/Data/PlaybackEngines/WindowsStandaloneSupport/UnityEditor.WindowsStandalone.Extensions.dll
Register platform support module: C:/Program Files/Unity/Hub/Editor/2020.3.13f1/Editor/Data/PlaybackEngines/LinuxStandaloneSupport/UnityEditor.LinuxStandalone.Extensions.dll
Registered in 0.002463 seconds.
Native extension for LinuxStandalone target not found
Native extension for WindowsStandalone target not found
Native extension for OSXStandalone target not found
Native extension for WebGL target not found
Refreshing native plugins compatible for Editor in 13.67 ms, found 0 plugins.
Preloading 0 native plugins for Editor in 0.00 ms.
Mono: successfully reloaded assembly
- Completed reload, in  1.023 seconds
Platform modules already initialized, skipping
Registering precompiled user dll's ...
Registered in 0.000368 seconds.
Begin MonoManager ReloadAssembly
Native extension for LinuxStandalone target not found
Native extension for WindowsStandalone target not found
Native extension for OSXStandalone target not found
Native extension for WebGL target not found
Refreshing native plugins compatible for Editor in 0.10 ms, found 0 plugins.
Preloading 0 native plugins for Editor in 0.00 ms.
Mono: successfully reloaded assembly
- Completed reload, in  0.604 seconds
Platform modules already initialized, skipping
========================================================================
Worker process is ready to serve import requests
Launched and connected shader compiler UnityShaderCompiler.exe after 0.07 seconds
Refreshing native plugins compatible for Editor in 0.09 ms, found 0 plugins.
Preloading 0 native plugins for Editor in 0.00 ms.
Unloading 582 Unused Serialized files (Serialized files now loaded: 0)
System memory in use before: 42.7 MB.
System memory in use after: 42.7 MB.

Unloading 9 unused Assets to reduce memory usage. Loaded Objects now: 1027.
Total: 0.961700 ms (FindLiveObjects: 0.058200 ms CreateObjectMapping: 0.013400 ms MarkObjects: 0.844900 ms  DeleteObjects: 0.044300 ms)

AssetImportParameters requested are different than current active one (requested -> active):
  custom:framework-win-MediaFoundation: 216162199b28c13a410421893ffa2e32 -> 
  custom:video-decoder-ogg-theora: a1e56fd34408186e4bbccfd4996cb3dc -> 
  custom:container-muxer-webm: aa71ff27fc2769a1b78a27578f13a17b -> 
  custom:container-demuxer-webm: 4f35f7cbe854078d1ac9338744f61a02 -> 
  custom:container-demuxer-ogg: 62fdf1f143b41e24485cea50d1cbac27 -> 
  custom:video-encoder-webm-vp8: eb34c28f22e8b96e1ab97ce403110664 -> 
  custom:video-decoder-webm-vp8: 9c59270c3fd7afecdb556c50c9e8de78 -> 
  custom:audio-decoder-ogg-vorbis: bf7c407c2cedff20999df2af8eb42d56 -> 
  custom:audio-encoder-webm-vorbis: bf7c407c2cedff20999df2af8eb42d56 -> 
========================================================================
Received Import Request.
  path: Assets/RW/Scripts/Rendering/ScrollTexture.cs
  artifactKey: Guid(fa5d5c5d4fb560547839b496d9fcf7d9) Importer(815301076,1909f56bfc062723c751e8b465ee728b)
Start importing Assets/RW/Scripts/Rendering/ScrollTexture.cs using Guid(fa5d5c5d4fb560547839b496d9fcf7d9) Importer(815301076,1909f56bfc062723c751e8b465ee728b)  -> (artifact id: '25b302cb4bc44b09aa645bdecd527df1') in 0.029449 seconds 
  Import took 0.030232 seconds .

========================================================================
Received Import Request.
  Time since last request: 81.247132 seconds.
  path: Assets/RW/Scripts/Transforms/RotateAround.cs
  artifactKey: Guid(b85c27e51fdcc9448946078b88858794) Importer(815301076,1909f56bfc062723c751e8b465ee728b)
Start importing Assets/RW/Scripts/Transforms/RotateAround.cs using Guid(b85c27e51fdcc9448946078b88858794) Importer(815301076,1909f56bfc062723c751e8b465ee728b)  -> (artifact id: '4b689a07536c5c1a61da434c576faefa') in 0.004366 seconds 
  Import took 0.005344 seconds .

========================================================================
Received Import Request.
  Time since last request: 33.477798 seconds.
  path: Assets/RW/Scripts/Ammunition/Ammunition.cs
  artifactKey: Guid(146906bc7ba840b48944d8bbb7d9b060) Importer(815301076,1909f56bfc062723c751e8b465ee728b)
Start importing Assets/RW/Scripts/Ammunition/Ammunition.cs using Guid(146906bc7ba840b48944d8bbb7d9b060) Importer(815301076,1909f56bfc062723c751e8b465ee728b)  -> (artifact id: '34f25e45163211f637b9baa7874ca133') in 0.003983 seconds 
  Import took 0.004881 seconds .

========================================================================
Received Import Request.
  Time since last request: 99.013321 seconds.
  path: Assets/RW/Materials/M_Barrel.mat
  artifactKey: Guid(b32f7f049e0aee24c8f3fa7315042720) Importer(815301076,1909f56bfc062723c751e8b465ee728b)
Start importing Assets/RW/Materials/M_Barrel.mat using Guid(b32f7f049e0aee24c8f3fa7315042720) Importer(815301076,1909f56bfc062723c751e8b465ee728b)  -> (artifact id: 'e0ccb45b518c65b3cd64d50e7474596a') in 0.071467 seconds 
  Import took 0.072398 seconds .

========================================================================
Received Import Request.
  Time since last request: 0.000142 seconds.
  path: Assets/RW/Materials/M_SkewerFork.mat
  artifactKey: Guid(53de23796f42396449b74b626e2dff7e) Importer(815301076,1909f56bfc062723c751e8b465ee728b)
Start importing Assets/RW/Materials/M_SkewerFork.mat using Guid(53de23796f42396449b74b626e2dff7e) Importer(815301076,1909f56bfc062723c751e8b465ee728b)  -> (artifact id: 'd559fcfada14d7e64080a933821eb08b') in 0.009333 seconds 
  Import took 0.010192 seconds .

========================================================================
Received Import Request.
  Time since last request: 0.000143 seconds.
  path: Assets/RW/Materials/M_Belt.mat
  artifactKey: Guid(59f3e1bc4a570444487f2bdf08ca7c39) Importer(815301076,1909f56bfc062723c751e8b465ee728b)
Start importing Assets/RW/Materials/M_Belt.mat using Guid(59f3e1bc4a570444487f2bdf08ca7c39) Importer(815301076,1909f56bfc062723c751e8b465ee728b)  -> (artifact id: '75cc2d559baa632d46f1f34986a7110c') in 0.007826 seconds 
  Import took 0.008702 seconds .

========================================================================
Received Import Request.
  Time since last request: 0.000154 seconds.
  path: Assets/RW/Materials/M_StonePillar.mat
  artifactKey: Guid(9784826b6934ce7488187643ecfd9c0a) Importer(815301076,1909f56bfc062723c751e8b465ee728b)
Start importing Assets/RW/Materials/M_StonePillar.mat using Guid(9784826b6934ce7488187643ecfd9c0a) Importer(815301076,1909f56bfc062723c751e8b465ee728b)  -> (artifact id: '59bf356ca0ccbbd75e2d77289c708dfb') in 0.010982 seconds 
  Import took 0.011869 seconds .

========================================================================
Received Import Request.
  Time since last request: 0.000148 seconds.
  path: Assets/RW/Materials/M_Table.mat
  artifactKey: Guid(13899ec26e0275c4cbc66b21a7645bfa) Importer(815301076,1909f56bfc062723c751e8b465ee728b)
Start importing Assets/RW/Materials/M_Table.mat using Guid(13899ec26e0275c4cbc66b21a7645bfa) Importer(815301076,1909f56bfc062723c751e8b465ee728b)  -> (artifact id: 'c7a5b58c5c6d7c715342bbc62c1405b9') in 0.008470 seconds 
  Import took 0.009353 seconds .

========================================================================
Received Import Request.
  Time since last request: 0.000164 seconds.
  path: Assets/RW/Materials/M_StoneTile.mat
  artifactKey: Guid(6ceaa9a0a9b7aaa42a361cd0b2fde2a6) Importer(815301076,1909f56bfc062723c751e8b465ee728b)
Start importing Assets/RW/Materials/M_StoneTile.mat using Guid(6ceaa9a0a9b7aaa42a361cd0b2fde2a6) Importer(815301076,1909f56bfc062723c751e8b465ee728b)  -> (artifact id: 'ca5a45aa6779316291ec21d789a09f3b') in 0.008390 seconds 
  Import took 0.009313 seconds .

========================================================================
Received Import Request.
  Time since last request: 0.000157 seconds.
  path: Assets/RW/Materials/M_StoneWall.mat
  artifactKey: Guid(a1ecfdeb188f925488eb179257cce6a8) Importer(815301076,1909f56bfc062723c751e8b465ee728b)
Start importing Assets/RW/Materials/M_StoneWall.mat using Guid(a1ecfdeb188f925488eb179257cce6a8) Importer(815301076,1909f56bfc062723c751e8b465ee728b)  -> (artifact id: '57e7ddc069e7091b701080d0670d3478') in 0.007908 seconds 
  Import took 0.008777 seconds .

========================================================================
Received Import Request.
  Time since last request: 0.578246 seconds.
  path: Assets/RW/Materials/M_Tank.mat
  artifactKey: Guid(76a48008acf8e5840b4751520d5f3ffe) Importer(815301076,1909f56bfc062723c751e8b465ee728b)
Start importing Assets/RW/Materials/M_Tank.mat using Guid(76a48008acf8e5840b4751520d5f3ffe) Importer(815301076,1909f56bfc062723c751e8b465ee728b)  -> (artifact id: 'b97b71a8cc07d4c62a826aa4e3a3ae86') in 0.009065 seconds 
  Import took 0.010077 seconds .

========================================================================
Received Import Request.
  Time since last request: 0.033191 seconds.
  path: Assets/RW/Materials/M_Tread.mat
  artifactKey: Guid(302da04a76edfe749b21c7e471d49253) Importer(815301076,1909f56bfc062723c751e8b465ee728b)
Start importing Assets/RW/Materials/M_Tread.mat using Guid(302da04a76edfe749b21c7e471d49253) Importer(815301076,1909f56bfc062723c751e8b465ee728b)  -> (artifact id: '6920ab0675e80b593be9e57351520fce') in 0.008683 seconds 
  Import took 0.009585 seconds .

========================================================================
Received Import Request.
  Time since last request: 0.034297 seconds.
  path: Assets/RW/Materials/M_TreasureChest.mat
  artifactKey: Guid(f12c337954ddd774abae2a04668fc398) Importer(815301076,1909f56bfc062723c751e8b465ee728b)
Start importing Assets/RW/Materials/M_TreasureChest.mat using Guid(f12c337954ddd774abae2a04668fc398) Importer(815301076,1909f56bfc062723c751e8b465ee728b)  -> (artifact id: '4a1ee2752ca6facf0c28e728c8295427') in 0.007841 seconds 
  Import took 0.008844 seconds .

========================================================================
Received Import Request.
  Time since last request: 0.525807 seconds.
  path: Assets/RW/Materials/M_Weapons.mat
  artifactKey: Guid(40a6d65d189323a4a8fba4badc9aa17d) Importer(815301076,1909f56bfc062723c751e8b465ee728b)
Start importing Assets/RW/Materials/M_Weapons.mat using Guid(40a6d65d189323a4a8fba4badc9aa17d) Importer(815301076,1909f56bfc062723c751e8b465ee728b)  -> (artifact id: '68dbce4419063d7448ec49fff7f2f161') in 0.007729 seconds 
  Import took 0.008735 seconds .

========================================================================
Received Import Request.
  Time since last request: 0.032005 seconds.
  path: Assets/RW/Materials/M_WoodBeams.mat
  artifactKey: Guid(fe7d9a5eb01949c47939a40ff34a1d5d) Importer(815301076,1909f56bfc062723c751e8b465ee728b)
Start importing Assets/RW/Materials/M_WoodBeams.mat using Guid(fe7d9a5eb01949c47939a40ff34a1d5d) Importer(815301076,1909f56bfc062723c751e8b465ee728b)  -> (artifact id: 'bf291b58c4f947e1cff4a0c94cb0c531') in 0.008010 seconds 
  Import took 0.008986 seconds .

========================================================================
Received Import Request.
  Time since last request: 351.020296 seconds.
  path: Assets/RW/Materials/M_Belt.mat
  artifactKey: Guid(59f3e1bc4a570444487f2bdf08ca7c39) Importer(815301076,1909f56bfc062723c751e8b465ee728b)
Start importing Assets/RW/Materials/M_Belt.mat using Guid(59f3e1bc4a570444487f2bdf08ca7c39) Importer(815301076,1909f56bfc062723c751e8b465ee728b)  -> (artifact id: '18079dea89a7e2641c75b5c3b23613b8') in 0.008321 seconds 
  Import took 0.009426 seconds .

AssetImportWorkerClient::OnTransportError - code=2 error=End of file
